build/app/outputs/mapping/release/seeds.txt
org.idreameducation.iprepapp.MainActivity
org.idreameducation.iprepapp.MainActivity: MainActivity()
...
androidx.window.embedding.SplitPairRule: java.util.Set getFilters()
androidx.window.layout.WindowLayoutInfo: java.lang.String toString()
androidx.core.app.ActivityCompat$Api16Impl: void startActivityForResult(android.app.Activity,android.content.Intent,int,android.os.Bundle)
io.flutter.plugins.firebase.core.FlutterFirebasePluginRegistry: void registerPlugin(java.lang.String,io.flutter.plugins.firebase.core.FlutterFirebasePlugin)
kotlinx.coroutines.channels.BufferOverflow: kotlinx.coroutines.channels.BufferOverflow[] values()
androidx.core.view.WindowInsetsCompat$BuilderImpl29: void setSystemGestureInsets(androidx.core.graphics.Insets)
com.dexterous.flutterlocalnotifications.FlutterLocalNotificationsPlugin: boolean onNewIntent(android.content.Intent)
io.flutter.embedding.engine.FlutterJNI: void onEndFrame()
com.dexterous.flutterlocalnotifications.models.NotificationChannelDetails: NotificationChannelDetails()
androidx.appcompat.widget.LinearLayoutCompat: int getGravity()
com.google.android.gms.measurement.internal.AppMeasurementDynamiteService: void onActivitySaveInstanceState(com.google.android.gms.dynamic.IObjectWrapper,com.google.android.gms.internal.measurement.zzcf,long)
androidx.window.layout.SidecarAdapter$Companion: int getRawSidecarDevicePosture(androidx.window.sidecar.SidecarDeviceState)
io.flutter.view.AccessibilityViewEmbedder: boolean requestSendAccessibilityEvent(android.view.View,android.view.View,android.view.accessibility.AccessibilityEvent)
com.google.android.gms.measurement.internal.AppMeasurementDynamiteService: void setConditionalUserProperty(android.os.Bundle,long)
com.google.firebase.concurrent.ExecutorsRegistrar: ExecutorsRegistrar()
kotlin.coroutines.jvm.internal.BaseContinuationImpl: kotlin.coroutines.Continuation create(java.lang.Object,kotlin.coroutines.Continuation)
com.dexterous.flutterlocalnotifications.FlutterLocalNotificationsPlugin: void cancel(io.flutter.plugin.common.MethodCall,io.flutter.plugin.common.MethodChannel$Result)
androidx.core.view.ViewCompat$Api21Impl: boolean dispatchNestedFling(android.view.View,float,float,boolean)
com.dexterous.flutterlocalnotifications.models.NotificationDetails: void readLargeIconInformation(com.dexterous.flutterlocalnotifications.models.NotificationDetails,java.util.Map)
androidx.core.view.ViewCompat$Api21Impl: float getElevation(android.view.View)
com.dexterous.flutterlocalnotifications.FlutterLocalNotificationsPlugin: boolean hasInvalidBigPictureResources(io.flutter.plugin.common.MethodChannel$Result,com.dexterous.flutterlocalnotifications.models.NotificationDetails)
androidx.window.layout.SidecarCompat$TranslatingCallback: SidecarCompat$TranslatingCallback(androidx.window.layout.SidecarCompat)
androidx.core.view.ViewCompat$Api21Impl: android.content.res.ColorStateList getBackgroundTintList(android.view.View)
androidx.core.graphics.drawable.IconCompat$Api26Impl: android.graphics.drawable.Icon createWithAdaptiveBitmap(android.graphics.Bitmap)
androidx.appcompat.widget.SearchView: int getPreferredHeight()
com.yalantis.ucrop.view.TransformImageView: void setImageMatrix(android.graphics.Matrix)
com.dexterous.flutterlocalnotifications.models.NotificationAction: NotificationAction(java.util.Map)
com.google.firebase.database.snapshot.LeafNode$LeafType: com.google.firebase.database.snapshot.LeafNode$LeafType valueOf(java.lang.String)
androidx.window.core.Bounds: Bounds(int,int,int,int)
org.chromium.support_lib_boundary.WebkitToCompatConverterBoundaryInterface: java.lang.reflect.InvocationHandler convertWebResourceError(java.lang.Object)
com.google.firebase.firestore.core.ViewSnapshot$SyncState: com.google.firebase.firestore.core.ViewSnapshot$SyncState[] values()
androidx.core.view.ViewCompat$Api21Impl: boolean dispatchNestedScroll(android.view.View,int,int,int,int,int[])
androidx.core.content.ContextCompat$Api21Impl: java.io.File getNoBackupFilesDir(android.content.Context)
androidx.window.layout.WindowLayoutInfo: boolean equals(java.lang.Object)