build/app/outputs/mapping/release/usage.txt
org.idreameducation.iprepapp.BuildConfig
org.idreameducation.iprepapp.R$anim
org.idreameducation.iprepapp.R$animator
org.idreameducation.iprepapp.R$attr
org.idreameducation.iprepapp.R$bool
org.idreameducation.iprepapp.R$color
org.idreameducation.iprepapp.R$dimen
org.idreameducation.iprepapp.R$drawable
org.idreameducation.iprepapp.R$id
org.idreameducation.iprepapp.R$integer
org.idreameducation.iprepapp.R$interpolator
org.idreameducation.iprepapp.R$layout
org.idreameducation.iprepapp.R$menu
org.idreameducation.iprepapp.R$mipmap
org.idreameducation.iprepapp.R$raw
org.idreameducation.iprepapp.R$string
org.idreameducation.iprepapp.R$style
org.idreameducation.iprepapp.R$styleable
org.idreameducation.iprepapp.R$xml
org.idreameducation.iprepapp.R
...
com.google.common.util.concurrent.FuturesGetChecked$1
com.google.common.util.concurrent.FuturesGetChecked$GetCheckedTypeValidator
com.google.common.util.concurrent.FuturesGetChecked$GetCheckedTypeValidatorHolder$WeakSetValidator
com.google.common.util.concurrent.FuturesGetChecked$GetCheckedTypeValidatorHolder
com.google.common.util.concurrent.FuturesGetChecked
com.google.common.util.concurrent.GwtFluentFutureCatchingSpecialization
com.google.common.util.concurrent.GwtFuturesCatchingSpecialization
com.google.common.util.concurrent.ImmediateFuture$ImmediateCancelledFuture
com.google.common.util.concurrent.ImmediateFuture$ImmediateFailedFuture
com.google.common.util.concurrent.ImmediateFuture
com.google.common.util.concurrent.InterruptibleTask$1
com.google.common.util.concurrent.InterruptibleTask$Blocker
com.google.common.util.concurrent.InterruptibleTask$DoNothingRunnable
com.google.common.util.concurrent.InterruptibleTask
com.google.common.util.concurrent.JdkFutureAdapters$ListenableFutureAdapter
com.google.common.util.concurrent.JdkFutureAdapters
com.google.common.util.concurrent.ListenableFutureTask
com.google.common.util.concurrent.ListenableScheduledFuture
com.google.common.util.concurrent.ListenerCallQueue$Event
com.google.common.util.concurrent.ListenerCallQueue$PerListenerQueue
com.google.common.util.concurrent.ListenerCallQueue
com.google.common.util.concurrent.ListeningExecutorService
com.google.common.util.concurrent.ListeningScheduledExecutorService
com.google.common.util.concurrent.Monitor$Guard
com.google.common.util.concurrent.Monitor
com.google.common.util.concurrent.MoreExecutors$1
com.google.common.util.concurrent.MoreExecutors$2
com.google.common.util.concurrent.MoreExecutors$3
com.google.common.util.concurrent.MoreExecutors$4
com.google.common.util.concurrent.MoreExecutors$5
com.google.common.util.concurrent.MoreExecutors$Application$1
com.google.common.util.concurrent.MoreExecutors$Application
com.google.common.util.concurrent.MoreExecutors$DirectExecutorService
com.google.common.util.concurrent.MoreExecutors$ListeningDecorator
com.google.common.util.concurrent.MoreExecutors$ScheduledListeningDecorator$ListenableScheduledTask
com.google.common.util.concurrent.MoreExecutors$ScheduledListeningDecorator$NeverSuccessfulListenableFutureTask
com.google.common.util.concurrent.MoreExecutors$ScheduledListeningDecorator
com.google.common.util.concurrent.MoreExecutors:
    private void <init>()
    static synthetic void access$000(java.util.concurrent.ThreadPoolExecutor)
    public static void addDelayedShutdownHook(java.util.concurrent.ExecutorService,long,java.util.concurrent.TimeUnit)
    public static java.util.concurrent.ExecutorService getExitingExecutorService(java.util.concurrent.ThreadPoolExecutor)
    public static java.util.concurrent.ExecutorService getExitingExecutorService(java.util.concurrent.ThreadPoolExecutor,long,java.util.concurrent.TimeUnit)
    public static java.util.concurrent.ScheduledExecutorService getExitingScheduledExecutorService(java.util.concurrent.ScheduledThreadPoolExecutor)
    public static java.util.concurrent.ScheduledExecutorService getExitingScheduledExecutorService(java.util.concurrent.ScheduledThreadPoolExecutor,long,java.util.concurrent.TimeUnit)
    static java.lang.Object invokeAnyImpl(com.google.common.util.concurrent.ListeningExecutorService,java.util.Collection,boolean,long,java.util.concurrent.TimeUnit)
    private static boolean isAppEngineWithApiClasses()
    public static com.google.common.util.concurrent.ListeningExecutorService listeningDecorator(java.util.concurrent.ExecutorService)
    public static com.google.common.util.concurrent.ListeningScheduledExecutorService listeningDecorator(java.util.concurrent.ScheduledExecutorService)
    public static com.google.common.util.concurrent.ListeningExecutorService newDirectExecutorService()